<?xml version="1.0" encoding="UTF-8"?>
<testng-results ignored="0" total="5" passed="5" failed="0" skipped="0">
  <reporter-output>
  </reporter-output>
  <suite started-at="2024-01-18T13:52:20 IST" name="Default suite" finished-at="2024-01-18T13:53:14 IST" duration-ms="54039">
    <groups>
      <group name="cucumber">
        <method signature="AbstractTestNGCucumberTests.runScenario(io.cucumber.testng.PickleWrapper, io.cucumber.testng.FeatureWrapper)[pri:0, instance:com.runner.RunnerClass$CucumberRunnerTests@fba92d3]" name="runScenario" class="io.cucumber.testng.AbstractTestNGCucumberTests"/>
      </group> <!-- cucumber -->
    </groups>
    <test started-at="2024-01-18T13:52:20 IST" name="Default test" finished-at="2024-01-18T13:53:14 IST" duration-ms="54039">
      <class name="com.runner.RunnerClass$CucumberRunnerTests">
        <test-method is-config="true" signature="setUpClass(org.testng.ITestContext)[pri:0, instance:com.runner.RunnerClass$CucumberRunnerTests@fba92d3]" started-at="2024-01-18T13:52:20 IST" name="setUpClass" finished-at="2024-01-18T13:52:21 IST" duration-ms="235" status="PASS">
          <params>
            <param index="0">
              <value>
                <![CDATA[org.testng.TestRunner@76a7fcbd]]>
              </value>
            </param>
          </params>
          <reporter-output>
          </reporter-output>
        </test-method> <!-- setUpClass -->
        <test-method signature="runScenario(io.cucumber.testng.PickleWrapper, io.cucumber.testng.FeatureWrapper)[pri:0, instance:com.runner.RunnerClass$CucumberRunnerTests@fba92d3]" started-at="2024-01-18T13:52:21 IST" name="runScenario" description="Runs Cucumber Scenarios" data-provider="scenarios" finished-at="2024-01-18T13:52:32 IST" duration-ms="11134" status="PASS">
          <params>
            <param index="0">
              <value>
                <![CDATA["login with valid creadential"]]>
              </value>
            </param>
            <param index="1">
              <value>
                <![CDATA["Verify login feature"]]>
              </value>
            </param>
          </params>
          <reporter-output>
          </reporter-output>
        </test-method> <!-- runScenario -->
        <test-method signature="runScenario(io.cucumber.testng.PickleWrapper, io.cucumber.testng.FeatureWrapper)[pri:0, instance:com.runner.RunnerClass$CucumberRunnerTests@fba92d3]" started-at="2024-01-18T13:52:32 IST" name="runScenario" description="Runs Cucumber Scenarios" data-provider="scenarios" finished-at="2024-01-18T13:52:39 IST" duration-ms="7635" status="PASS">
          <params>
            <param index="0">
              <value>
                <![CDATA["login with valid creadential"]]>
              </value>
            </param>
            <param index="1">
              <value>
                <![CDATA["Verify login feature"]]>
              </value>
            </param>
          </params>
          <reporter-output>
          </reporter-output>
        </test-method> <!-- runScenario -->
        <test-method signature="runScenario(io.cucumber.testng.PickleWrapper, io.cucumber.testng.FeatureWrapper)[pri:0, instance:com.runner.RunnerClass$CucumberRunnerTests@fba92d3]" started-at="2024-01-18T13:52:39 IST" name="runScenario" description="Runs Cucumber Scenarios" data-provider="scenarios" finished-at="2024-01-18T13:52:50 IST" duration-ms="11129" status="PASS">
          <params>
            <param index="0">
              <value>
                <![CDATA["login with invalid creadential"]]>
              </value>
            </param>
            <param index="1">
              <value>
                <![CDATA["Verify login feature"]]>
              </value>
            </param>
          </params>
          <reporter-output>
          </reporter-output>
        </test-method> <!-- runScenario -->
        <test-method signature="runScenario(io.cucumber.testng.PickleWrapper, io.cucumber.testng.FeatureWrapper)[pri:0, instance:com.runner.RunnerClass$CucumberRunnerTests@fba92d3]" started-at="2024-01-18T13:52:50 IST" name="runScenario" description="Runs Cucumber Scenarios" data-provider="scenarios" finished-at="2024-01-18T13:53:03 IST" duration-ms="12161" status="PASS">
          <params>
            <param index="0">
              <value>
                <![CDATA["Login with valid username and invalid password"]]>
              </value>
            </param>
            <param index="1">
              <value>
                <![CDATA["Verify login feature"]]>
              </value>
            </param>
          </params>
          <reporter-output>
          </reporter-output>
        </test-method> <!-- runScenario -->
        <test-method signature="runScenario(io.cucumber.testng.PickleWrapper, io.cucumber.testng.FeatureWrapper)[pri:0, instance:com.runner.RunnerClass$CucumberRunnerTests@fba92d3]" started-at="2024-01-18T13:53:03 IST" name="runScenario" description="Runs Cucumber Scenarios" data-provider="scenarios" finished-at="2024-01-18T13:53:14 IST" duration-ms="11703" status="PASS">
          <params>
            <param index="0">
              <value>
                <![CDATA["Register with creadential"]]>
              </value>
            </param>
            <param index="1">
              <value>
                <![CDATA["Verify Register functionality"]]>
              </value>
            </param>
          </params>
          <reporter-output>
          </reporter-output>
        </test-method> <!-- runScenario -->
        <test-method is-config="true" signature="tearDownClass()[pri:0, instance:com.runner.RunnerClass$CucumberRunnerTests@fba92d3]" started-at="2024-01-18T13:53:14 IST" name="tearDownClass" finished-at="2024-01-18T13:53:14 IST" duration-ms="3" status="PASS">
          <reporter-output>
          </reporter-output>
        </test-method> <!-- tearDownClass -->
      </class> <!-- com.runner.RunnerClass$CucumberRunnerTests -->
    </test> <!-- Default test -->
  </suite> <!-- Default suite -->
</testng-results>
