<?xml version="1.0" encoding="UTF-8"?>
<testng-results ignored="0" total="5" passed="5" failed="0" skipped="0">
  <reporter-output>
  </reporter-output>
  <suite started-at="2024-02-01T11:51:34 IST" name="Default suite" finished-at="2024-02-01T11:52:30 IST" duration-ms="56380">
    <groups>
      <group name="cucumber">
        <method signature="AbstractTestNGCucumberTests.runScenario(io.cucumber.testng.PickleWrapper, io.cucumber.testng.FeatureWrapper)[pri:0, instance:com.runner.RunnerClass$CucumberRunnerTests@fba92d3]" name="runScenario" class="io.cucumber.testng.AbstractTestNGCucumberTests"/>
      </group> <!-- cucumber -->
    </groups>
    <test started-at="2024-02-01T11:51:34 IST" name="Default test" finished-at="2024-02-01T11:52:30 IST" duration-ms="56380">
      <class name="com.runner.RunnerClass$CucumberRunnerTests">
        <test-method is-config="true" signature="setUpClass(org.testng.ITestContext)[pri:0, instance:com.runner.RunnerClass$CucumberRunnerTests@fba92d3]" started-at="2024-02-01T11:51:34 IST" name="setUpClass" finished-at="2024-02-01T11:51:34 IST" duration-ms="216" status="PASS">
          <params>
            <param index="0">
              <value>
                <![CDATA[org.testng.TestRunner@7f977fba]]>
              </value>
            </param>
          </params>
          <reporter-output>
          </reporter-output>
        </test-method> <!-- setUpClass -->
        <test-method signature="runScenario(io.cucumber.testng.PickleWrapper, io.cucumber.testng.FeatureWrapper)[pri:0, instance:com.runner.RunnerClass$CucumberRunnerTests@fba92d3]" started-at="2024-02-01T11:51:34 IST" name="runScenario" description="Runs Cucumber Scenarios" data-provider="scenarios" finished-at="2024-02-01T11:51:43 IST" duration-ms="9106" status="PASS">
          <params>
            <param index="0">
              <value>
                <![CDATA["login with valid creadential"]]>
              </value>
            </param>
            <param index="1">
              <value>
                <![CDATA["Verify login feature"]]>
              </value>
            </param>
          </params>
          <reporter-output>
          </reporter-output>
        </test-method> <!-- runScenario -->
        <test-method signature="runScenario(io.cucumber.testng.PickleWrapper, io.cucumber.testng.FeatureWrapper)[pri:0, instance:com.runner.RunnerClass$CucumberRunnerTests@fba92d3]" started-at="2024-02-01T11:51:43 IST" name="runScenario" description="Runs Cucumber Scenarios" data-provider="scenarios" finished-at="2024-02-01T11:51:59 IST" duration-ms="16157" status="PASS">
          <params>
            <param index="0">
              <value>
                <![CDATA["login with valid creadential"]]>
              </value>
            </param>
            <param index="1">
              <value>
                <![CDATA["Verify login feature"]]>
              </value>
            </param>
          </params>
          <reporter-output>
          </reporter-output>
        </test-method> <!-- runScenario -->
        <test-method signature="runScenario(io.cucumber.testng.PickleWrapper, io.cucumber.testng.FeatureWrapper)[pri:0, instance:com.runner.RunnerClass$CucumberRunnerTests@fba92d3]" started-at="2024-02-01T11:51:59 IST" name="runScenario" description="Runs Cucumber Scenarios" data-provider="scenarios" finished-at="2024-02-01T11:52:09 IST" duration-ms="9430" status="PASS">
          <params>
            <param index="0">
              <value>
                <![CDATA["login with invalid creadential"]]>
              </value>
            </param>
            <param index="1">
              <value>
                <![CDATA["Verify login feature"]]>
              </value>
            </param>
          </params>
          <reporter-output>
          </reporter-output>
        </test-method> <!-- runScenario -->
        <test-method signature="runScenario(io.cucumber.testng.PickleWrapper, io.cucumber.testng.FeatureWrapper)[pri:0, instance:com.runner.RunnerClass$CucumberRunnerTests@fba92d3]" started-at="2024-02-01T11:52:09 IST" name="runScenario" description="Runs Cucumber Scenarios" data-provider="scenarios" finished-at="2024-02-01T11:52:15 IST" duration-ms="6879" status="PASS">
          <params>
            <param index="0">
              <value>
                <![CDATA["Login with valid username and invalid password"]]>
              </value>
            </param>
            <param index="1">
              <value>
                <![CDATA["Verify login feature"]]>
              </value>
            </param>
          </params>
          <reporter-output>
          </reporter-output>
        </test-method> <!-- runScenario -->
        <test-method signature="runScenario(io.cucumber.testng.PickleWrapper, io.cucumber.testng.FeatureWrapper)[pri:0, instance:com.runner.RunnerClass$CucumberRunnerTests@fba92d3]" started-at="2024-02-01T11:52:15 IST" name="runScenario" description="Runs Cucumber Scenarios" data-provider="scenarios" finished-at="2024-02-01T11:52:30 IST" duration-ms="14560" status="PASS">
          <params>
            <param index="0">
              <value>
                <![CDATA["Register with creadential"]]>
              </value>
            </param>
            <param index="1">
              <value>
                <![CDATA["Verify Register functionality"]]>
              </value>
            </param>
          </params>
          <reporter-output>
          </reporter-output>
        </test-method> <!-- runScenario -->
        <test-method is-config="true" signature="tearDownClass()[pri:0, instance:com.runner.RunnerClass$CucumberRunnerTests@fba92d3]" started-at="2024-02-01T11:52:30 IST" name="tearDownClass" finished-at="2024-02-01T11:52:30 IST" duration-ms="3" status="PASS">
          <reporter-output>
          </reporter-output>
        </test-method> <!-- tearDownClass -->
      </class> <!-- com.runner.RunnerClass$CucumberRunnerTests -->
    </test> <!-- Default test -->
  </suite> <!-- Default suite -->
</testng-results>
